<?xml version="1.0" encoding="UTF-8"?>
<testng-results ignored="0" total="1" passed="1" failed="0" skipped="0">
  <reporter-output>
  </reporter-output>
  <suite started-at="2022-11-07T14:55:09Z" name="Default suite" finished-at="2022-11-07T14:56:03Z" duration-ms="53591">
    <groups>
    </groups>
    <test started-at="2022-11-07T14:55:09Z" name="Default test" finished-at="2022-11-07T14:56:03Z" duration-ms="53591">
      <class name="datadriven.datadriven">
        <test-method signature="tc1()[pri:0, instance:datadriven.datadriven@455b6df1]" started-at="2022-11-07T14:55:09Z" name="tc1" finished-at="2022-11-07T14:56:03Z" duration-ms="53527" status="PASS">
          <reporter-output>
          </reporter-output>
        </test-method> <!-- tc1 -->
      </class> <!-- datadriven.datadriven -->
    </test> <!-- Default test -->
  </suite> <!-- Default suite -->
</testng-results>
