<?xml version="1.0" encoding="UTF-8"?>
<testng-results skipped="0" failed="0" total="1" passed="1">
  <reporter-output>
  </reporter-output>
  <suite name="Surefire suite" duration-ms="37736" started-at="2022-10-20T12:01:33Z" finished-at="2022-10-20T12:02:11Z">
    <groups>
    </groups>
    <test name="Surefire test" duration-ms="37736" started-at="2022-10-20T12:01:33Z" finished-at="2022-10-20T12:02:11Z">
      <class name="demo.Demo">
        <test-method status="PASS" signature="testcase1()[pri:0, instance:demo.Demo@6767c1fc]" name="testcase1" duration-ms="37695" started-at="2022-10-20T17:31:33Z" finished-at="2022-10-20T17:32:11Z">
          <reporter-output>
          </reporter-output>
        </test-method> <!-- testcase1 -->
      </class> <!-- demo.Demo -->
    </test> <!-- Surefire test -->
  </suite> <!-- Surefire suite -->
</testng-results>
