<?xml version="1.0" encoding="UTF-8"?>
<!-- Generated by org.testng.reporters.JUnitXMLReporter -->
<testsuite ignored="2" hostname="LAPTOP-SP4PVLF4" failures="0" tests="2" name="Test" time="0.08" errors="0" timestamp="2022-11-25T04:37:47 IST">
  <testcase classname="testngdemo.Groups" name="tc1" time="0.01"/>
  <testcase classname="testngdemo.Groups" name="tc3" time="0.002"/>
  <testcase classname="testngdemo.Groups" name="tc4" time="0.0">
    <ignored/>
  </testcase> <!-- tc4 -->
  <testcase classname="testngdemo.Groups" name="tc2" time="0.0">
    <ignored/>
  </testcase> <!-- tc2 -->
</testsuite> <!-- Test -->
