<?xml version="1.0" encoding="UTF-8"?>
<testng-results ignored="0" total="1" passed="1" failed="0" skipped="0">
  <reporter-output>
  </reporter-output>
  <suite started-at="2022-11-30T21:33:51 IST" name="Default suite" finished-at="2022-11-30T21:34:21 IST" duration-ms="29609">
    <groups>
    </groups>
    <test started-at="2022-11-30T21:33:51 IST" name="Default test" finished-at="2022-11-30T21:34:21 IST" duration-ms="29609">
      <class name="demo.links">
        <test-method signature="testcase1()[pri:0, instance:demo.links@5acf93bb]" started-at="2022-11-30T21:33:51 IST" name="testcase1" finished-at="2022-11-30T21:34:21 IST" duration-ms="29516" status="PASS">
          <reporter-output>
          </reporter-output>
        </test-method> <!-- testcase1 -->
      </class> <!-- demo.links -->
    </test> <!-- Default test -->
  </suite> <!-- Default suite -->
</testng-results>
