<?xml version="1.0" encoding="UTF-8"?>
<testng-results total="1" passed="1" failed="0" skipped="0">
  <reporter-output>
  </reporter-output>
  <suite started-at="2022-11-16T17:23:35Z" name="Default suite" finished-at="2022-11-16T17:24:06Z" duration-ms="31480">
    <groups>
    </groups>
    <test started-at="2022-11-16T17:23:35Z" name="Default test" finished-at="2022-11-16T17:24:06Z" duration-ms="31480">
      <class name="extentreport.ExtentReport">
        <test-method is-config="true" signature="beforetest()[pri:0, instance:extentreport.ExtentReport@54504ecd]" started-at="2022-11-16T22:53:35Z" name="beforetest" finished-at="2022-11-16T22:53:56Z" duration-ms="20976" status="PASS">
          <reporter-output>
          </reporter-output>
        </test-method> <!-- beforetest -->
        <test-method signature="Testcase1()[pri:0, instance:extentreport.ExtentReport@54504ecd]" started-at="2022-11-16T22:53:56Z" name="Testcase1" finished-at="2022-11-16T22:54:02Z" duration-ms="6183" status="PASS">
          <reporter-output>
          </reporter-output>
        </test-method> <!-- Testcase1 -->
        <test-method is-config="true" signature="aftertest()[pri:0, instance:extentreport.ExtentReport@54504ecd]" started-at="2022-11-16T22:54:02Z" name="aftertest" finished-at="2022-11-16T22:54:06Z" duration-ms="4263" status="PASS">
          <reporter-output>
          </reporter-output>
        </test-method> <!-- aftertest -->
      </class> <!-- extentreport.ExtentReport -->
    </test> <!-- Default test -->
  </suite> <!-- Default suite -->
</testng-results>
