<?xml version="1.0" encoding="UTF-8"?>
<testng-results total="1" passed="1" failed="0" skipped="0">
  <reporter-output>
  </reporter-output>
  <suite started-at="2022-11-07T11:10:32Z" name="Default suite" finished-at="2022-11-07T11:11:39Z" duration-ms="67497">
    <groups>
      <group name="cucumber">
        <method signature="AbstractTestNGCucumberTests.runScenario(io.cucumber.testng.PickleWrapper, io.cucumber.testng.FeatureWrapper)[pri:0, instance:test_runner.test_runner@5f354bcf]" name="runScenario" class="io.cucumber.testng.AbstractTestNGCucumberTests"/>
      </group> <!-- cucumber -->
    </groups>
    <test started-at="2022-11-07T11:10:32Z" name="Default test" finished-at="2022-11-07T11:11:39Z" duration-ms="67497">
      <class name="test_runner.test_runner">
        <test-method is-config="true" signature="setUpClass(org.testng.ITestContext)[pri:0, instance:test_runner.test_runner@5f354bcf]" started-at="2022-11-07T16:40:32Z" name="setUpClass" finished-at="2022-11-07T16:40:33Z" duration-ms="1253" status="PASS">
          <params>
            <param index="0">
              <value>
                <![CDATA[org.testng.TestRunner@2954f6ab]]>
              </value>
            </param>
          </params>
          <reporter-output>
          </reporter-output>
        </test-method> <!-- setUpClass -->
        <test-method signature="runScenario(io.cucumber.testng.PickleWrapper, io.cucumber.testng.FeatureWrapper)[pri:0, instance:test_runner.test_runner@5f354bcf]" started-at="2022-11-07T16:40:33Z" name="runScenario" description="Runs Cucumber Scenarios" data-provider="scenarios" finished-at="2022-11-07T16:41:39Z" duration-ms="66063" status="PASS">
          <params>
            <param index="0">
              <value>
                <![CDATA["To Test login functionality"]]>
              </value>
            </param>
            <param index="1">
              <value>
                <![CDATA["Optional[Test skillrary]"]]>
              </value>
            </param>
          </params>
          <reporter-output>
          </reporter-output>
        </test-method> <!-- runScenario -->
        <test-method is-config="true" signature="tearDownClass()[pri:0, instance:test_runner.test_runner@5f354bcf]" started-at="2022-11-07T16:41:39Z" name="tearDownClass" finished-at="2022-11-07T16:41:39Z" duration-ms="69" status="PASS">
          <reporter-output>
          </reporter-output>
        </test-method> <!-- tearDownClass -->
      </class> <!-- test_runner.test_runner -->
    </test> <!-- Default test -->
  </suite> <!-- Default suite -->
</testng-results>
