<?xml version="1.0" encoding="UTF-8"?>
<testng-results total="2" passed="2" failed="0" skipped="0">
  <reporter-output>
  </reporter-output>
  <suite started-at="2022-11-06T10:32:00Z" name="Default suite" finished-at="2022-11-06T10:32:52Z" duration-ms="52526">
    <groups>
    </groups>
    <test started-at="2022-11-06T10:32:00Z" name="Default test" finished-at="2022-11-06T10:32:52Z" duration-ms="52526">
      <class name="js.jstask">
        <test-method is-config="true" signature="beforetest()[pri:0, instance:js.jstask@481ba2cf]" started-at="2022-11-06T16:02:00Z" name="beforetest" finished-at="2022-11-06T16:02:17Z" duration-ms="17348" status="PASS">
          <reporter-output>
          </reporter-output>
        </test-method> <!-- beforetest -->
        <test-method signature="test1()[pri:0, instance:js.jstask@481ba2cf]" started-at="2022-11-06T16:02:17Z" name="test1" finished-at="2022-11-06T16:02:27Z" duration-ms="10031" status="PASS">
          <reporter-output>
          </reporter-output>
        </test-method> <!-- test1 -->
        <test-method signature="test2()[pri:0, instance:js.jstask@481ba2cf]" started-at="2022-11-06T16:02:27Z" name="test2" finished-at="2022-11-06T16:02:52Z" duration-ms="25108" status="PASS">
          <reporter-output>
          </reporter-output>
        </test-method> <!-- test2 -->
      </class> <!-- js.jstask -->
    </test> <!-- Default test -->
  </suite> <!-- Default suite -->
</testng-results>
